2023-03-02 15:35:27	PARSER: Configured single Anonimizacion
2023-03-02 15:35:27	PARSER: Configured single ToRGB
2023-03-02 15:35:27	PARSER: Configured single DetectorPulmon
2023-03-02 15:35:27	PARSER: Configured pattern Anonimizacionpattern
2023-03-02 15:35:27	PARSER: Configured pattern ToRGBpattern
2023-03-02 15:35:27	PARSER: Configured pattern DetectorPulmonpattern
2023-03-02 15:35:27	PARSER: Configured stage stage_Anonimizacion
2023-03-02 15:35:27	PARSER: Configured stage stage_ToRGB
2023-03-02 15:35:27	PARSER: Configured stage stage_DetectorPulmon
2023-03-02 15:35:27	PARSER: Configured workflow TestPuzzle
2023-03-02 15:35:27	LAUCHER: Coupling stages and building blocks
2023-03-02 15:35:27	TestPuzzle: Workdir TestPuzzle
2023-03-02 15:35:27	TestPuzzle: Workdir exists
2023-03-02 15:35:27	TestPuzzle: Stage stage_Anonimizacion added
2023-03-02 15:35:27	stage_Anonimizacion: Workdir stage_Anonimizacion
2023-03-02 15:35:27	stage_Anonimizacion: Workdir exists
2023-03-02 15:35:27	stage_Anonimizacion: Added sink stage_ToRGB
2023-03-02 15:35:27	stage_Anonimizacion: Added building block Anonimizacionpattern
2023-03-02 15:35:27	Anonimizacionpattern: Workdir Anonimizacionpattern
2023-03-02 15:35:27	Anonimizacionpattern: Workdir exists
2023-03-02 15:35:27	Anonimizacion: Workdir Anonimizacion
2023-03-02 15:35:27	Anonimizacion: Workdir exists
2023-03-02 15:35:27	TestPuzzle: Stage stage_ToRGB added
2023-03-02 15:35:27	stage_ToRGB: Workdir stage_ToRGB
2023-03-02 15:35:27	stage_ToRGB: Workdir exists
2023-03-02 15:35:27	stage_ToRGB: Added source stage_Anonimizacion
2023-03-02 15:35:27	stage_ToRGB: Added sink stage_DetectorPulmon
2023-03-02 15:35:27	stage_ToRGB: Added building block ToRGBpattern
2023-03-02 15:35:27	ToRGBpattern: Workdir ToRGBpattern
2023-03-02 15:35:27	ToRGBpattern: Workdir exists
2023-03-02 15:35:27	ToRGB: Workdir ToRGB
2023-03-02 15:35:27	ToRGB: Workdir exists
2023-03-02 15:35:27	TestPuzzle: Stage stage_DetectorPulmon added
2023-03-02 15:35:27	stage_DetectorPulmon: Workdir stage_DetectorPulmon
2023-03-02 15:35:27	stage_DetectorPulmon: Workdir exists
2023-03-02 15:35:27	stage_DetectorPulmon: Added source stage_ToRGB
2023-03-02 15:35:27	stage_DetectorPulmon: Added building block DetectorPulmonpattern
2023-03-02 15:35:27	DetectorPulmonpattern: Workdir DetectorPulmonpattern
2023-03-02 15:35:27	DetectorPulmonpattern: Workdir exists
2023-03-02 15:35:27	DetectorPulmon: Workdir DetectorPulmon
2023-03-02 15:35:27	DetectorPulmon: Workdir exists
2023-03-02 15:35:27	LAUNCHER: Creating YML file at TestPuzzle/docker-compose.yml
ToRGB
DetectorPulmon
Anonimizacion
2023-03-02 15:35:27	LAUCHER: deploying virtual containers of workflow TestPuzzle
/home/domizzi/Documents/Muyal-Ilal-ligero/deployer/app//results/TestPuzzle
java -jar Download.jar c437918c940bc7a5f2c0ac92e5068800279f3ca9db6ef52957310bff45664e96 d56aaad47aab4b3672bf3b6737f139dcf3dadda8 84013210537d394bf7dd51bdbfee26f804a081319e8a09b9f5d1334dbbb63906 2 1 cinves '/home/domizzi/Documents/Muyal-Ilal-ligero/deployer/app//results/TestPuzzle/catalogs/TESTCATALOG' 417f957ccc4b7995a461f4d77b25040d235d59014671903d31ebdeb36596629e true false 1
java -jar Download.jar c437918c940bc7a5f2c0ac92e5068800279f3ca9db6ef52957310bff45664e96 d56aaad47aab4b3672bf3b6737f139dcf3dadda8 84013210537d394bf7dd51bdbfee26f804a081319e8a09b9f5d1334dbbb63906 2 1 cinves '/home/domizzi/Documents/Muyal-Ilal-ligero/deployer/app//results/TestPuzzle/catalogs/TESTCATALOG' 417f957ccc4b7995a461f4d77b25040d235d59014671903d31ebdeb36596629e true false 1
2023-03-02 15:35:30	TestPuzzle: executing 
{ "catalogname": " TESTCATALOG/TestPuzzle-1677771330588 ", "dispersemode": "IDA", "encryption":"true", "fathers_token":"84013210537d394bf7dd51bdbfee26f804a081319e8a09b9f5d1334dbbb63906", "processed": "true" }
10.81.234.2:20500//pub_sub/v1/catalogs/create?access_token=417f957ccc4b7995a461f4d77b25040d235d59014671903d31ebdeb36596629e
2023-03-02 15:35:302023-03-02 15:35:30	stage_ToRGB: waiting	
stage_Anonimizacion: waiting
2023-03-02 15:35:30	stage_DetectorPulmon: waiting
2023-03-02 15:35:30	stage_Anonimizacion: WORKING
2023-03-02 15:35:30	stage_Anonimizacion: has 1 sources
2023-03-02 15:35:30	Anonimizacionpattern: waiting
2023-03-02 15:35:30	Anonimizacionpattern: running
2023-03-02 15:35:30	Anonimizacionpattern: executing load balancer
docker-compose --log-level ERROR -p /home/domizzi/Documents/Muyal-Ilal-ligero/deployer/app//results/TestPuzzle -f /home/domizzi/Documents/Muyal-Ilal-ligero/deployer/app//results/TestPuzzle/docker-compose.yml  exec -T lbAnonimizacionpattern  sh -c "./main 2 DL /home/domizzi/Documents/Muyal-Ilal-ligero/deployer/app//results//TestPuzzle/catalogs/TESTCATALOG "
docker-compose --log-level ERROR -p /home/domizzi/Documents/Muyal-Ilal-ligero/deployer/app//results/TestPuzzle -f /home/domizzi/Documents/Muyal-Ilal-ligero/deployer/app//results/TestPuzzle/docker-compose.yml  exec -T lbAnonimizacionpattern  sh -c "./main 2 DL /home/domizzi/Documents/Muyal-Ilal-ligero/deployer/app//results//TestPuzzle/catalogs/TESTCATALOG "
{"result": [["/home/domizzi/Documents/Muyal-Ilal-ligero/deployer/app//results//TestPuzzle/catalogs/TESTCATALOG/P1"],[]]}
2023-03-02 15:35:31	Anonimizacionpattern: load balancer executed in RT = 650 miliseconds
2023-03-02 15:35:31	Anonimizacion: waiting
2023-03-02 15:35:31	Anonimizacion: waiting
2023-03-02 15:35:31	Anonimizacion: running
2023-03-02 15:35:31	Anonimizacion: running
2023-03-02 15:35:31	Anonimizacion: processed 0 bytes in ST=0.000000 RT = 0 miliseconds
python3 /code/process_dir.py --input /home/domizzi/Documents/Muyal-Ilal-ligero/deployer/app//results//TestPuzzle/catalogs/TESTCATALOG/P1 --outfolder "/home/domizzi/Documents/Muyal-Ilal-ligero/deployer/app//results/TestPuzzle/stage_Anonimizacion/Anonimizacionpattern/Anonimizacion/" --save dicom
docker-compose --log-level ERROR -p /home/domizzi/Documents/Muyal-Ilal-ligero/deployer/app//results/TestPuzzle -f /home/domizzi/Documents/Muyal-Ilal-ligero/deployer/app//results/TestPuzzle/docker-compose.yml  exec -T Anonimizacion sh -c "python3 /code/process_dir.py --input /home/domizzi/Documents/Muyal-Ilal-ligero/deployer/app//results//TestPuzzle/catalogs/TESTCATALOG/P1 --outfolder "/home/domizzi/Documents/Muyal-Ilal-ligero/deployer/app//results/TestPuzzle/stage_Anonimizacion/Anonimizacionpattern/Anonimizacion/" --save dicom"
WARNING No specification, loading default base deid.dicom
2023-03-02 15:35:32	Anonimizacion: processed 4096 bytes in ST=0.000000 RT = 1503 miliseconds
2023-03-02 15:35:32	Anonimizacionpattern: pattern executed in ST = 2153 miliseconds
{ "catalogname": " TESTCATALOG/TestPuzzle-1677771330588/stage_Anonimizacion-1677771332777 ", "dispersemode": "IDA", "encryption":"true", "fathers_token":"e7df6b859f8e74d9876db0462fc53624e3cd97413d68f1a4e8cc9b7b0031f642", "processed": "true" }
10.81.234.2:20500//pub_sub/v1/catalogs/create?access_token=417f957ccc4b7995a461f4d77b25040d235d59014671903d31ebdeb36596629e
java -jar Upload.jar c437918c940bc7a5f2c0ac92e5068800279f3ca9db6ef52957310bff45664e96 d56aaad47aab4b3672bf3b6737f139dcf3dadda8 8b5ea467422ceca918650ce697d1e3401967808d56e6aac968f5809e0bd60a01 IDA bob 2 '/home/domizzi/Documents/Muyal-Ilal-ligero/deployer/app//results/TestPuzzle/stage_Anonimizacion' cinves true 417f957ccc4b7995a461f4d77b25040d235d59014671903d31ebdeb36596629e true true 4
java -jar Upload.jar c437918c940bc7a5f2c0ac92e5068800279f3ca9db6ef52957310bff45664e96 d56aaad47aab4b3672bf3b6737f139dcf3dadda8 8b5ea467422ceca918650ce697d1e3401967808d56e6aac968f5809e0bd60a01 IDA bob 2 '/home/domizzi/Documents/Muyal-Ilal-ligero/deployer/app//results/TestPuzzle/stage_Anonimizacion' cinves true 417f957ccc4b7995a461f4d77b25040d235d59014671903d31ebdeb36596629e true true 4
2023-03-02 15:35:33	stage_Anonimizacion: data satage upload in ST = 373 miliseconds
2023-03-02 15:35:33	stage_Anonimizacion: stage executed in ST = 2527 miliseconds
2023-03-02 15:35:33	stage_ToRGB: WORKING
2023-03-02 15:35:33	stage_ToRGB: has 1 sources
2023-03-02 15:35:33	ToRGBpattern: waiting
2023-03-02 15:35:33	ToRGBpattern: running
2023-03-02 15:35:33	ToRGBpattern: executing load balancer
docker-compose --log-level ERROR -p /home/domizzi/Documents/Muyal-Ilal-ligero/deployer/app//results/TestPuzzle -f /home/domizzi/Documents/Muyal-Ilal-ligero/deployer/app//results/TestPuzzle/docker-compose.yml  exec -T lbToRGBpattern  sh -c "./main 2 DL /home/domizzi/Documents/Muyal-Ilal-ligero/deployer/app//results/TestPuzzle//stage_Anonimizacion/Anonimizacionpattern/Anonimizacion "
docker-compose --log-level ERROR -p /home/domizzi/Documents/Muyal-Ilal-ligero/deployer/app//results/TestPuzzle -f /home/domizzi/Documents/Muyal-Ilal-ligero/deployer/app//results/TestPuzzle/docker-compose.yml  exec -T lbToRGBpattern  sh -c "./main 2 DL /home/domizzi/Documents/Muyal-Ilal-ligero/deployer/app//results/TestPuzzle//stage_Anonimizacion/Anonimizacionpattern/Anonimizacion "
{"result": [[],["/home/domizzi/Documents/Muyal-Ilal-ligero/deployer/app//results/TestPuzzle//stage_Anonimizacion/Anonimizacionpattern/Anonimizacion/P1"]]}
2023-03-02 15:35:33	ToRGBpattern: load balancer executed in RT = 632 miliseconds
2023-03-02 15:35:33	ToRGB: waiting
2023-03-02 15:35:33	ToRGB: waiting
2023-03-02 15:35:33	ToRGB: running
2023-03-02 15:35:33	ToRGB: running
2023-03-02 15:35:33	ToRGB: processed 0 bytes in ST=0.000000 RT = 0 miliseconds
python3 /code/dicom2rgb.py /home/domizzi/Documents/Muyal-Ilal-ligero/deployer/app//results/TestPuzzle//stage_Anonimizacion/Anonimizacionpattern/Anonimizacion/P1 /home/domizzi/Documents/Muyal-Ilal-ligero/deployer/app//results/TestPuzzle/stage_ToRGB/ToRGBpattern/ToRGB//P1
docker-compose --log-level ERROR -p /home/domizzi/Documents/Muyal-Ilal-ligero/deployer/app//results/TestPuzzle -f /home/domizzi/Documents/Muyal-Ilal-ligero/deployer/app//results/TestPuzzle/docker-compose.yml  exec -T ToRGB sh -c "python3 /code/dicom2rgb.py /home/domizzi/Documents/Muyal-Ilal-ligero/deployer/app//results/TestPuzzle//stage_Anonimizacion/Anonimizacionpattern/Anonimizacion/P1 /home/domizzi/Documents/Muyal-Ilal-ligero/deployer/app//results/TestPuzzle/stage_ToRGB/ToRGBpattern/ToRGB//P1"
2023-03-02 15:35:37	ToRGB: processed 4096 bytes in ST=0.000000 RT = 3835 miliseconds
2023-03-02 15:35:37	ToRGBpattern: pattern executed in ST = 4469 miliseconds
{ "catalogname": " TESTCATALOG/TestPuzzle-1677771330588/stage_ToRGB-1677771337620 ", "dispersemode": "IDA", "encryption":"true", "fathers_token":"e7df6b859f8e74d9876db0462fc53624e3cd97413d68f1a4e8cc9b7b0031f642", "processed": "true" }
10.81.234.2:20500//pub_sub/v1/catalogs/create?access_token=417f957ccc4b7995a461f4d77b25040d235d59014671903d31ebdeb36596629e
java -jar Upload.jar c437918c940bc7a5f2c0ac92e5068800279f3ca9db6ef52957310bff45664e96 d56aaad47aab4b3672bf3b6737f139dcf3dadda8 93c33dd47a50f7eaed02379a4140a17f538ba05cc55f92d15fb04d1a9e93a1ed IDA bob 2 '/home/domizzi/Documents/Muyal-Ilal-ligero/deployer/app//results/TestPuzzle/stage_ToRGB' cinves true 417f957ccc4b7995a461f4d77b25040d235d59014671903d31ebdeb36596629e true true 4
java -jar Upload.jar c437918c940bc7a5f2c0ac92e5068800279f3ca9db6ef52957310bff45664e96 d56aaad47aab4b3672bf3b6737f139dcf3dadda8 93c33dd47a50f7eaed02379a4140a17f538ba05cc55f92d15fb04d1a9e93a1ed IDA bob 2 '/home/domizzi/Documents/Muyal-Ilal-ligero/deployer/app//results/TestPuzzle/stage_ToRGB' cinves true 417f957ccc4b7995a461f4d77b25040d235d59014671903d31ebdeb36596629e true true 4
java.lang.IndexOutOfBoundsException: Index 0 out of bounds for length 0
	at java.base/jdk.internal.util.Preconditions.outOfBounds(Preconditions.java:64)
	at java.base/jdk.internal.util.Preconditions.outOfBoundsCheckIndex(Preconditions.java:70)
	at java.base/jdk.internal.util.Preconditions.checkIndex(Preconditions.java:248)
	at java.base/java.util.Objects.checkIndex(Objects.java:372)
	at java.base/java.util.ArrayList.get(ArrayList.java:459)
	at Communication.Communication.delivery(Communication.java:530)
	at mx.cinvestav.tamps.integracion.gui.RobotUploaderWorker.run(RobotUploaderWorker.java:104)
	at mx.cinvestav.tamps.integracion.gui.Work.run(RobotUploaderHelper.java:109)
	at java.base/java.lang.Thread.run(Thread.java:829)
java.lang.IndexOutOfBoundsException: Index 0 out of bounds for length 0
	at java.base/jdk.internal.util.Preconditions.outOfBounds(Preconditions.java:64)
	at java.base/jdk.internal.util.Preconditions.outOfBoundsCheckIndex(Preconditions.java:70)
	at java.base/jdk.internal.util.Preconditions.checkIndex(Preconditions.java:248)
	at java.base/java.util.Objects.checkIndex(Objects.java:372)
	at java.base/java.util.ArrayList.get(ArrayList.java:459)
	at Communication.Communication.delivery(Communication.java:530)
	at mx.cinvestav.tamps.integracion.gui.RobotUploaderWorker.run(RobotUploaderWorker.java:104)
	at mx.cinvestav.tamps.integracion.gui.Work.run(RobotUploaderHelper.java:109)
	at java.base/java.lang.Thread.run(Thread.java:829)
java.lang.IndexOutOfBoundsException: Index 0 out of bounds for length 0
	at java.base/jdk.internal.util.Preconditions.outOfBounds(Preconditions.java:64)
	at java.base/jdk.internal.util.Preconditions.outOfBoundsCheckIndex(Preconditions.java:70)
	at java.base/jdk.internal.util.Preconditions.checkIndex(Preconditions.java:248)
	at java.base/java.util.Objects.checkIndex(Objects.java:372)
	at java.base/java.util.ArrayList.get(ArrayList.java:459)
	at Communication.Communication.delivery(Communication.java:530)
	at mx.cinvestav.tamps.integracion.gui.RobotUploaderWorker.run(RobotUploaderWorker.java:104)
	at mx.cinvestav.tamps.integracion.gui.Work.run(RobotUploaderHelper.java:109)
	at java.base/java.lang.Thread.run(Thread.java:829)
java.lang.IndexOutOfBoundsException: Index 0 out of bounds for length 0
	at java.base/jdk.internal.util.Preconditions.outOfBounds(Preconditions.java:64)
	at java.base/jdk.internal.util.Preconditions.outOfBoundsCheckIndex(Preconditions.java:70)
	at java.base/jdk.internal.util.Preconditions.checkIndex(Preconditions.java:248)
	at java.base/java.util.Objects.checkIndex(Objects.java:372)
	at java.base/java.util.ArrayList.get(ArrayList.java:459)
	at Communication.Communication.delivery(Communication.java:530)
	at mx.cinvestav.tamps.integracion.gui.RobotUploaderWorker.run(RobotUploaderWorker.java:104)
	at mx.cinvestav.tamps.integracion.gui.Work.run(RobotUploaderHelper.java:109)
	at java.base/java.lang.Thread.run(Thread.java:829)
java.lang.IndexOutOfBoundsException: Index 0 out of bounds for length 0
	at java.base/jdk.internal.util.Preconditions.outOfBounds(Preconditions.java:64)
	at java.base/jdk.internal.util.Preconditions.outOfBoundsCheckIndex(Preconditions.java:70)
	at java.base/jdk.internal.util.Preconditions.checkIndex(Preconditions.java:248)
	at java.base/java.util.Objects.checkIndex(Objects.java:372)
	at java.base/java.util.ArrayList.get(ArrayList.java:459)
	at Communication.Communication.delivery(Communication.java:530)
	at mx.cinvestav.tamps.integracion.gui.RobotUploaderWorker.run(RobotUploaderWorker.java:104)
	at mx.cinvestav.tamps.integracion.gui.Work.run(RobotUploaderHelper.java:109)
	at java.base/java.lang.Thread.run(Thread.java:829)
java.lang.IndexOutOfBoundsException: Index 0 out of bounds for length 0
	at java.base/jdk.internal.util.Preconditions.outOfBounds(Preconditions.java:64)
	at java.base/jdk.internal.util.Preconditions.outOfBoundsCheckIndex(Preconditions.java:70)
	at java.base/jdk.internal.util.Preconditions.checkIndex(Preconditions.java:248)
	at java.base/java.util.Objects.checkIndex(Objects.java:372)
	at java.base/java.util.ArrayList.get(ArrayList.java:459)
	at Communication.Communication.delivery(Communication.java:530)
	at mx.cinvestav.tamps.integracion.gui.RobotUploaderWorker.run(RobotUploaderWorker.java:104)
	at mx.cinvestav.tamps.integracion.gui.Work.run(RobotUploaderHelper.java:109)
	at java.base/java.lang.Thread.run(Thread.java:829)
java.lang.IndexOutOfBoundsException: Index 0 out of bounds for length 0
	at java.base/jdk.internal.util.Preconditions.outOfBounds(Preconditions.java:64)
	at java.base/jdk.internal.util.Preconditions.outOfBoundsCheckIndex(Preconditions.java:70)
	at java.base/jdk.internal.util.Preconditions.checkIndex(Preconditions.java:248)
	at java.base/java.util.Objects.checkIndex(Objects.java:372)
	at java.base/java.util.ArrayList.get(ArrayList.java:459)
	at Communication.Communication.delivery(Communication.java:530)
	at mx.cinvestav.tamps.integracion.gui.RobotUploaderWorker.run(RobotUploaderWorker.java:104)
	at mx.cinvestav.tamps.integracion.gui.Work.run(RobotUploaderHelper.java:109)
	at java.base/java.lang.Thread.run(Thread.java:829)
java.lang.IndexOutOfBoundsException: Index 0 out of bounds for length 0
	at java.base/jdk.internal.util.Preconditions.outOfBounds(Preconditions.java:64)
	at java.base/jdk.internal.util.Preconditions.outOfBoundsCheckIndex(Preconditions.java:70)
	at java.base/jdk.internal.util.Preconditions.checkIndex(Preconditions.java:248)
	at java.base/java.util.Objects.checkIndex(Objects.java:372)
	at java.base/java.util.ArrayList.get(ArrayList.java:459)
	at Communication.Communication.delivery(Communication.java:530)
	at mx.cinvestav.tamps.integracion.gui.RobotUploaderWorker.run(RobotUploaderWorker.java:104)
	at mx.cinvestav.tamps.integracion.gui.Work.run(RobotUploaderHelper.java:109)
	at java.base/java.lang.Thread.run(Thread.java:829)
java.lang.IndexOutOfBoundsException: Index 0 out of bounds for length 0
	at java.base/jdk.internal.util.Preconditions.outOfBounds(Preconditions.java:64)
	at java.base/jdk.internal.util.Preconditions.outOfBoundsCheckIndex(Preconditions.java:70)
	at java.base/jdk.internal.util.Preconditions.checkIndex(Preconditions.java:248)
	at java.base/java.util.Objects.checkIndex(Objects.java:372)
	at java.base/java.util.ArrayList.get(ArrayList.java:459)
	at Communication.Communication.delivery(Communication.java:530)
	at mx.cinvestav.tamps.integracion.gui.RobotUploaderWorker.run(RobotUploaderWorker.java:104)
	at mx.cinvestav.tamps.integracion.gui.Work.run(RobotUploaderHelper.java:109)
	at java.base/java.lang.Thread.run(Thread.java:829)
java.lang.IndexOutOfBoundsException: Index 0 out of bounds for length 0
	at java.base/jdk.internal.util.Preconditions.outOfBounds(Preconditions.java:64)
	at java.base/jdk.internal.util.Preconditions.outOfBoundsCheckIndex(Preconditions.java:70)
	at java.base/jdk.internal.util.Preconditions.checkIndex(Preconditions.java:248)
	at java.base/java.util.Objects.checkIndex(Objects.java:372)
	at java.base/java.util.ArrayList.get(ArrayList.java:459)
	at Communication.Communication.delivery(Communication.java:530)
	at mx.cinvestav.tamps.integracion.gui.RobotUploaderWorker.run(RobotUploaderWorker.java:104)
	at mx.cinvestav.tamps.integracion.gui.Work.run(RobotUploaderHelper.java:109)
	at java.base/java.lang.Thread.run(Thread.java:829)
java.lang.IndexOutOfBoundsException: Index 0 out of bounds for length 0
	at java.base/jdk.internal.util.Preconditions.outOfBounds(Preconditions.java:64)
	at java.base/jdk.internal.util.Preconditions.outOfBoundsCheckIndex(Preconditions.java:70)
	at java.base/jdk.internal.util.Preconditions.checkIndex(Preconditions.java:248)
	at java.base/java.util.Objects.checkIndex(Objects.java:372)
	at java.base/java.util.ArrayList.get(ArrayList.java:459)
	at Communication.Communication.delivery(Communication.java:530)
	at mx.cinvestav.tamps.integracion.gui.RobotUploaderWorker.run(RobotUploaderWorker.java:104)
	at mx.cinvestav.tamps.integracion.gui.Work.run(RobotUploaderHelper.java:109)
	at java.base/java.lang.Thread.run(Thread.java:829)
java.lang.IndexOutOfBoundsException: Index 0 out of bounds for length 0
	at java.base/jdk.internal.util.Preconditions.outOfBounds(Preconditions.java:64)
	at java.base/jdk.internal.util.Preconditions.outOfBoundsCheckIndex(Preconditions.java:70)
	at java.base/jdk.internal.util.Preconditions.checkIndex(Preconditions.java:248)
	at java.base/java.util.Objects.checkIndex(Objects.java:372)
	at java.base/java.util.ArrayList.get(ArrayList.java:459)
	at Communication.Communication.delivery(Communication.java:530)
	at mx.cinvestav.tamps.integracion.gui.RobotUploaderWorker.run(RobotUploaderWorker.java:104)
	at mx.cinvestav.tamps.integracion.gui.Work.run(RobotUploaderHelper.java:109)
	at java.base/java.lang.Thread.run(Thread.java:829)
java.lang.IndexOutOfBoundsException: Index 0 out of bounds for length 0
	at java.base/jdk.internal.util.Preconditions.outOfBounds(Preconditions.java:64)
	at java.base/jdk.internal.util.Preconditions.outOfBoundsCheckIndex(Preconditions.java:70)
	at java.base/jdk.internal.util.Preconditions.checkIndex(Preconditions.java:248)
	at java.base/java.util.Objects.checkIndex(Objects.java:372)
	at java.base/java.util.ArrayList.get(ArrayList.java:459)
	at Communication.Communication.delivery(Communication.java:530)
	at mx.cinvestav.tamps.integracion.gui.RobotUploaderWorker.run(RobotUploaderWorker.java:104)
	at mx.cinvestav.tamps.integracion.gui.Work.run(RobotUploaderHelper.java:109)
	at java.base/java.lang.Thread.run(Thread.java:829)
java.lang.IndexOutOfBoundsException: Index 0 out of bounds for length 0
	at java.base/jdk.internal.util.Preconditions.outOfBounds(Preconditions.java:64)
	at java.base/jdk.internal.util.Preconditions.outOfBoundsCheckIndex(Preconditions.java:70)
	at java.base/jdk.internal.util.Preconditions.checkIndex(Preconditions.java:248)
	at java.base/java.util.Objects.checkIndex(Objects.java:372)
	at java.base/java.util.ArrayList.get(ArrayList.java:459)
	at Communication.Communication.delivery(Communication.java:530)
	at mx.cinvestav.tamps.integracion.gui.RobotUploaderWorker.run(RobotUploaderWorker.java:104)
	at mx.cinvestav.tamps.integracion.gui.Work.run(RobotUploaderHelper.java:109)
	at java.base/java.lang.Thread.run(Thread.java:829)
java.lang.IndexOutOfBoundsException: Index 0 out of bounds for length 0
	at java.base/jdk.internal.util.Preconditions.outOfBounds(Preconditions.java:64)
	at java.base/jdk.internal.util.Preconditions.outOfBoundsCheckIndex(Preconditions.java:70)
	at java.base/jdk.internal.util.Preconditions.checkIndex(Preconditions.java:248)
	at java.base/java.util.Objects.checkIndex(Objects.java:372)
	at java.base/java.util.ArrayList.get(ArrayList.java:459)
	at Communication.Communication.delivery(Communication.java:530)
	at mx.cinvestav.tamps.integracion.gui.RobotUploaderWorker.run(RobotUploaderWorker.java:104)
	at mx.cinvestav.tamps.integracion.gui.Work.run(RobotUploaderHelper.java:109)
	at java.base/java.lang.Thread.run(Thread.java:829)
java.lang.IndexOutOfBoundsException: Index 0 out of bounds for length 0
	at java.base/jdk.internal.util.Preconditions.outOfBounds(Preconditions.java:64)
	at java.base/jdk.internal.util.Preconditions.outOfBoundsCheckIndex(Preconditions.java:70)
	at java.base/jdk.internal.util.Preconditions.checkIndex(Preconditions.java:248)
	at java.base/java.util.Objects.checkIndex(Objects.java:372)
	at java.base/java.util.ArrayList.get(ArrayList.java:459)
	at Communication.Communication.delivery(Communication.java:530)
	at mx.cinvestav.tamps.integracion.gui.RobotUploaderWorker.run(RobotUploaderWorker.java:104)
	at mx.cinvestav.tamps.integracion.gui.Work.run(RobotUploaderHelper.java:109)
	at java.base/java.lang.Thread.run(Thread.java:829)
java.lang.IndexOutOfBoundsException: Index 0 out of bounds for length 0
	at java.base/jdk.internal.util.Preconditions.outOfBounds(Preconditions.java:64)
	at java.base/jdk.internal.util.Preconditions.outOfBoundsCheckIndex(Preconditions.java:70)
	at java.base/jdk.internal.util.Preconditions.checkIndex(Preconditions.java:248)
	at java.base/java.util.Objects.checkIndex(Objects.java:372)
	at java.base/java.util.ArrayList.get(ArrayList.java:459)
	at Communication.Communication.delivery(Communication.java:530)
	at mx.cinvestav.tamps.integracion.gui.RobotUploaderWorker.run(RobotUploaderWorker.java:104)
	at mx.cinvestav.tamps.integracion.gui.Work.run(RobotUploaderHelper.java:109)
	at java.base/java.lang.Thread.run(Thread.java:829)
java.lang.IndexOutOfBoundsException: Index 0 out of bounds for length 0
	at java.base/jdk.internal.util.Preconditions.outOfBounds(Preconditions.java:64)
	at java.base/jdk.internal.util.Preconditions.outOfBoundsCheckIndex(Preconditions.java:70)
	at java.base/jdk.internal.util.Preconditions.checkIndex(Preconditions.java:248)
	at java.base/java.util.Objects.checkIndex(Objects.java:372)
	at java.base/java.util.ArrayList.get(ArrayList.java:459)
	at Communication.Communication.delivery(Communication.java:530)
	at mx.cinvestav.tamps.integracion.gui.RobotUploaderWorker.run(RobotUploaderWorker.java:104)
	at mx.cinvestav.tamps.integracion.gui.Work.run(RobotUploaderHelper.java:109)
	at java.base/java.lang.Thread.run(Thread.java:829)
java.lang.IndexOutOfBoundsException: Index 0 out of bounds for length 0
	at java.base/jdk.internal.util.Preconditions.outOfBounds(Preconditions.java:64)
	at java.base/jdk.internal.util.Preconditions.outOfBoundsCheckIndex(Preconditions.java:70)
	at java.base/jdk.internal.util.Preconditions.checkIndex(Preconditions.java:248)
	at java.base/java.util.Objects.checkIndex(Objects.java:372)
	at java.base/java.util.ArrayList.get(ArrayList.java:459)
	at Communication.Communication.delivery(Communication.java:530)
	at mx.cinvestav.tamps.integracion.gui.RobotUploaderWorker.run(RobotUploaderWorker.java:104)
	at mx.cinvestav.tamps.integracion.gui.Work.run(RobotUploaderHelper.java:109)
	at java.base/java.lang.Thread.run(Thread.java:829)
java.lang.IndexOutOfBoundsException: Index 0 out of bounds for length 0
	at java.base/jdk.internal.util.Preconditions.outOfBounds(Preconditions.java:64)
	at java.base/jdk.internal.util.Preconditions.outOfBoundsCheckIndex(Preconditions.java:70)
	at java.base/jdk.internal.util.Preconditions.checkIndex(Preconditions.java:248)
	at java.base/java.util.Objects.checkIndex(Objects.java:372)
	at java.base/java.util.ArrayList.get(ArrayList.java:459)
	at Communication.Communication.delivery(Communication.java:530)
	at mx.cinvestav.tamps.integracion.gui.RobotUploaderWorker.run(RobotUploaderWorker.java:104)
	at mx.cinvestav.tamps.integracion.gui.Work.run(RobotUploaderHelper.java:109)
	at java.base/java.lang.Thread.run(Thread.java:829)
java.lang.IndexOutOfBoundsException: Index 0 out of bounds for length 0
	at java.base/jdk.internal.util.Preconditions.outOfBounds(Preconditions.java:64)
	at java.base/jdk.internal.util.Preconditions.outOfBoundsCheckIndex(Preconditions.java:70)
	at java.base/jdk.internal.util.Preconditions.checkIndex(Preconditions.java:248)
	at java.base/java.util.Objects.checkIndex(Objects.java:372)
	at java.base/java.util.ArrayList.get(ArrayList.java:459)
	at Communication.Communication.delivery(Communication.java:530)
	at mx.cinvestav.tamps.integracion.gui.RobotUploaderWorker.run(RobotUploaderWorker.java:104)
	at mx.cinvestav.tamps.integracion.gui.Work.run(RobotUploaderHelper.java:109)
	at java.base/java.lang.Thread.run(Thread.java:829)
java.lang.IndexOutOfBoundsException: Index 0 out of bounds for length 0
	at java.base/jdk.internal.util.Preconditions.outOfBounds(Preconditions.java:64)
	at java.base/jdk.internal.util.Preconditions.outOfBoundsCheckIndex(Preconditions.java:70)
	at java.base/jdk.internal.util.Preconditions.checkIndex(Preconditions.java:248)
	at java.base/java.util.Objects.checkIndex(Objects.java:372)
	at java.base/java.util.ArrayList.get(ArrayList.java:459)
	at Communication.Communication.delivery(Communication.java:530)
	at mx.cinvestav.tamps.integracion.gui.RobotUploaderWorker.run(RobotUploaderWorker.java:104)
	at mx.cinvestav.tamps.integracion.gui.Work.run(RobotUploaderHelper.java:109)
	at java.base/java.lang.Thread.run(Thread.java:829)
2023-03-02 15:35:40	stage_ToRGB: data satage upload in ST = 2816 miliseconds
2023-03-02 15:35:40	stage_ToRGB: stage executed in ST = 7285 miliseconds
2023-03-02 15:35:40	stage_DetectorPulmon: WORKING
2023-03-02 15:35:40	stage_DetectorPulmon: has 1 sources
2023-03-02 15:35:40	DetectorPulmonpattern: waiting
2023-03-02 15:35:40	DetectorPulmonpattern: running
2023-03-02 15:35:40	DetectorPulmonpattern: executing load balancer
docker-compose --log-level ERROR -p /home/domizzi/Documents/Muyal-Ilal-ligero/deployer/app//results/TestPuzzle -f /home/domizzi/Documents/Muyal-Ilal-ligero/deployer/app//results/TestPuzzle/docker-compose.yml  exec -T lbDetectorPulmonpattern  sh -c "./main 2 DL /home/domizzi/Documents/Muyal-Ilal-ligero/deployer/app//results/TestPuzzle//stage_ToRGB/ToRGBpattern/ToRGB "
docker-compose --log-level ERROR -p /home/domizzi/Documents/Muyal-Ilal-ligero/deployer/app//results/TestPuzzle -f /home/domizzi/Documents/Muyal-Ilal-ligero/deployer/app//results/TestPuzzle/docker-compose.yml  exec -T lbDetectorPulmonpattern  sh -c "./main 2 DL /home/domizzi/Documents/Muyal-Ilal-ligero/deployer/app//results/TestPuzzle//stage_ToRGB/ToRGBpattern/ToRGB "
{"result": [["/home/domizzi/Documents/Muyal-Ilal-ligero/deployer/app//results/TestPuzzle//stage_ToRGB/ToRGBpattern/ToRGB/P1"],[]]}
2023-03-02 15:35:41	DetectorPulmonpattern: load balancer executed in RT = 674 miliseconds
2023-03-02 15:35:41	DetectorPulmon: waiting
2023-03-02 15:35:41	DetectorPulmon: waiting
2023-03-02 15:35:41	DetectorPulmon: running
2023-03-02 15:35:41	DetectorPulmon: running
2023-03-02 15:35:41	DetectorPulmon: processed 0 bytes in ST=0.000000 RT = 0 miliseconds
python3 /code/detectorPulmones.py /home/domizzi/Documents/Muyal-Ilal-ligero/deployer/app//results/TestPuzzle//stage_ToRGB/ToRGBpattern/ToRGB/P1 /home/domizzi/Documents/Muyal-Ilal-ligero/deployer/app//results/TestPuzzle/stage_DetectorPulmon/DetectorPulmonpattern/DetectorPulmon//P1
docker-compose --log-level ERROR -p /home/domizzi/Documents/Muyal-Ilal-ligero/deployer/app//results/TestPuzzle -f /home/domizzi/Documents/Muyal-Ilal-ligero/deployer/app//results/TestPuzzle/docker-compose.yml  exec -T DetectorPulmon sh -c "python3 /code/detectorPulmones.py /home/domizzi/Documents/Muyal-Ilal-ligero/deployer/app//results/TestPuzzle//stage_ToRGB/ToRGBpattern/ToRGB/P1 /home/domizzi/Documents/Muyal-Ilal-ligero/deployer/app//results/TestPuzzle/stage_DetectorPulmon/DetectorPulmonpattern/DetectorPulmon//P1"
2023-03-02 15:35:42.178590: W tensorflow/stream_executor/platform/default/dso_loader.cc:64] Could not load dynamic library 'libcudart.so.11.0'; dlerror: libcudart.so.11.0: cannot open shared object file: No such file or directory
2023-03-02 15:35:42.178661: I tensorflow/stream_executor/cuda/cudart_stub.cc:29] Ignore above cudart dlerror if you do not have a GPU set up on your machine.
2023-03-02 15:35:44.056989: I tensorflow/core/platform/cpu_feature_guard.cc:142] This TensorFlow binary is optimized with oneAPI Deep Neural Network Library (oneDNN) to use the following CPU instructions in performance-critical operations:  AVX2 FMA
To enable them in other operations, rebuild TensorFlow with the appropriate compiler flags.
2023-03-02 15:35:44.058963: W tensorflow/stream_executor/platform/default/dso_loader.cc:64] Could not load dynamic library 'libcuda.so.1'; dlerror: libcuda.so.1: cannot open shared object file: No such file or directory
2023-03-02 15:35:44.059020: W tensorflow/stream_executor/cuda/cuda_driver.cc:326] failed call to cuInit: UNKNOWN ERROR (303)
2023-03-02 15:35:44.059063: I tensorflow/stream_executor/cuda/cuda_diagnostics.cc:163] no NVIDIA GPU device is present: /dev/nvidia0 does not exist
2023-03-02 15:35:47.567858: W tensorflow/core/framework/cpu_allocator_impl.cc:80] Allocation of 963379200 exceeds 10% of free system memory.
2023-03-02 15:35:47.643577: W tensorflow/core/framework/cpu_allocator_impl.cc:80] Allocation of 963379200 exceeds 10% of free system memory.
WARNING:tensorflow:From /code/models/research/object_detection/utils/model_util.py:57: Tensor.experimental_ref (from tensorflow.python.framework.ops) is deprecated and will be removed in a future version.
Instructions for updating:
Use ref() instead.
2023-03-02 15:35:49.255198: W tensorflow/core/framework/cpu_allocator_impl.cc:80] Allocation of 963379200 exceeds 10% of free system memory.
2023-03-02 15:35:49.329173: W tensorflow/core/framework/cpu_allocator_impl.cc:80] Allocation of 963379200 exceeds 10% of free system memory.
2023-03-02 15:35:50.665848: W tensorflow/core/framework/cpu_allocator_impl.cc:80] Allocation of 963379200 exceeds 10% of free system memory.
/code/detectorPulmones.py:240: RuntimeWarning: More than 20 figures have been opened. Figures created through the pyplot interface (`matplotlib.pyplot.figure`) are retained until explicitly closed and may consume too much memory. (To control this warning, see the rcParam `figure.max_open_warning`).
  plt.figure(figsize=(15,10))
2023-03-02 15:36:20	DetectorPulmon: processed 4096 bytes in ST=0.000000 RT = 39742 miliseconds
2023-03-02 15:36:20	DetectorPulmonpattern: pattern executed in ST = 40417 miliseconds
{ "catalogname": " TESTCATALOG/TestPuzzle-1677771330588/stage_DetectorPulmon-1677771380854 ", "dispersemode": "IDA", "encryption":"true", "fathers_token":"e7df6b859f8e74d9876db0462fc53624e3cd97413d68f1a4e8cc9b7b0031f642", "processed": "true" }
10.81.234.2:20500//pub_sub/v1/catalogs/create?access_token=417f957ccc4b7995a461f4d77b25040d235d59014671903d31ebdeb36596629e
java -jar Upload.jar c437918c940bc7a5f2c0ac92e5068800279f3ca9db6ef52957310bff45664e96 d56aaad47aab4b3672bf3b6737f139dcf3dadda8 2fb033b7a8acc2a5537f4a9adc7115445e4080a812ef7a9eea7728e89cec544e IDA bob 2 '/home/domizzi/Documents/Muyal-Ilal-ligero/deployer/app//results/TestPuzzle/stage_DetectorPulmon' cinves true 417f957ccc4b7995a461f4d77b25040d235d59014671903d31ebdeb36596629e true true 4
java -jar Upload.jar c437918c940bc7a5f2c0ac92e5068800279f3ca9db6ef52957310bff45664e96 d56aaad47aab4b3672bf3b6737f139dcf3dadda8 2fb033b7a8acc2a5537f4a9adc7115445e4080a812ef7a9eea7728e89cec544e IDA bob 2 '/home/domizzi/Documents/Muyal-Ilal-ligero/deployer/app//results/TestPuzzle/stage_DetectorPulmon' cinves true 417f957ccc4b7995a461f4d77b25040d235d59014671903d31ebdeb36596629e true true 4
2023-03-02 15:36:21	stage_DetectorPulmon: data satage upload in ST = 346 miliseconds
2023-03-02 15:36:21	stage_DetectorPulmon: stage executed in ST = 40764 miliseconds
