2023-03-02 15:36:21	PARSER: Configured single Anonimizacion
2023-03-02 15:36:21	PARSER: Configured single ToRGB
2023-03-02 15:36:21	PARSER: Configured single DetectorPulmon
2023-03-02 15:36:21	PARSER: Configured pattern Anonimizacionpattern
2023-03-02 15:36:21	PARSER: Configured pattern ToRGBpattern
2023-03-02 15:36:21	PARSER: Configured pattern DetectorPulmonpattern
2023-03-02 15:36:21	PARSER: Configured stage stage_Anonimizacion
2023-03-02 15:36:21	PARSER: Configured stage stage_ToRGB
2023-03-02 15:36:21	PARSER: Configured stage stage_DetectorPulmon
2023-03-02 15:36:21	PARSER: Configured workflow TestPuzzle
2023-03-02 15:36:21	LAUCHER: Coupling stages and building blocks
2023-03-02 15:36:21	TestPuzzle: Workdir TestPuzzle
2023-03-02 15:36:21	TestPuzzle: Workdir exists
2023-03-02 15:36:21	TestPuzzle: Stage stage_Anonimizacion added
2023-03-02 15:36:21	stage_Anonimizacion: Workdir stage_Anonimizacion
2023-03-02 15:36:21	stage_Anonimizacion: Workdir exists
2023-03-02 15:36:21	stage_Anonimizacion: Added sink stage_ToRGB
2023-03-02 15:36:21	stage_Anonimizacion: Added building block Anonimizacionpattern
2023-03-02 15:36:21	Anonimizacionpattern: Workdir Anonimizacionpattern
2023-03-02 15:36:21	Anonimizacionpattern: Workdir exists
2023-03-02 15:36:21	Anonimizacion: Workdir Anonimizacion
2023-03-02 15:36:21	Anonimizacion: Workdir exists
2023-03-02 15:36:21	TestPuzzle: Stage stage_ToRGB added
2023-03-02 15:36:21	stage_ToRGB: Workdir stage_ToRGB
2023-03-02 15:36:21	stage_ToRGB: Workdir exists
2023-03-02 15:36:21	stage_ToRGB: Added source stage_Anonimizacion
2023-03-02 15:36:21	stage_ToRGB: Added sink stage_DetectorPulmon
2023-03-02 15:36:21	stage_ToRGB: Added building block ToRGBpattern
2023-03-02 15:36:21	ToRGBpattern: Workdir ToRGBpattern
2023-03-02 15:36:21	ToRGBpattern: Workdir exists
2023-03-02 15:36:21	ToRGB: Workdir ToRGB
2023-03-02 15:36:21	ToRGB: Workdir exists
2023-03-02 15:36:21	TestPuzzle: Stage stage_DetectorPulmon added
2023-03-02 15:36:21	stage_DetectorPulmon: Workdir stage_DetectorPulmon
2023-03-02 15:36:21	stage_DetectorPulmon: Workdir exists
2023-03-02 15:36:21	stage_DetectorPulmon: Added source stage_ToRGB
2023-03-02 15:36:21	stage_DetectorPulmon: Added building block DetectorPulmonpattern
2023-03-02 15:36:21	DetectorPulmonpattern: Workdir DetectorPulmonpattern
2023-03-02 15:36:21	DetectorPulmonpattern: Workdir exists
2023-03-02 15:36:21	DetectorPulmon: Workdir DetectorPulmon
2023-03-02 15:36:21	DetectorPulmon: Workdir exists
2023-03-02 15:36:21	LAUNCHER: Creating YML file at TestPuzzle/docker-compose.yml
ToRGB
DetectorPulmon
Anonimizacion
2023-03-02 15:36:21	LAUCHER: deploying virtual containers of workflow TestPuzzle
/home/domizzi/Documents/Muyal-Ilal-ligero/deployer/app//results/TestPuzzle
java -jar Download.jar c437918c940bc7a5f2c0ac92e5068800279f3ca9db6ef52957310bff45664e96 d56aaad47aab4b3672bf3b6737f139dcf3dadda8 84013210537d394bf7dd51bdbfee26f804a081319e8a09b9f5d1334dbbb63906 2 1 cinves '/home/domizzi/Documents/Muyal-Ilal-ligero/deployer/app//results/TestPuzzle/catalogs/TESTCATALOG' 417f957ccc4b7995a461f4d77b25040d235d59014671903d31ebdeb36596629e true false 1
java -jar Download.jar c437918c940bc7a5f2c0ac92e5068800279f3ca9db6ef52957310bff45664e96 d56aaad47aab4b3672bf3b6737f139dcf3dadda8 84013210537d394bf7dd51bdbfee26f804a081319e8a09b9f5d1334dbbb63906 2 1 cinves '/home/domizzi/Documents/Muyal-Ilal-ligero/deployer/app//results/TestPuzzle/catalogs/TESTCATALOG' 417f957ccc4b7995a461f4d77b25040d235d59014671903d31ebdeb36596629e true false 1
2023-03-02 15:36:21	TestPuzzle: executing 
{ "catalogname": " TESTCATALOG/TestPuzzle-1677771381608 ", "dispersemode": "IDA", "encryption":"true", "fathers_token":"84013210537d394bf7dd51bdbfee26f804a081319e8a09b9f5d1334dbbb63906", "processed": "true" }
10.81.234.2:20500//pub_sub/v1/catalogs/create?access_token=417f957ccc4b7995a461f4d77b25040d235d59014671903d31ebdeb36596629e
2023-03-02 15:36:21	stage_Anonimizacion: waiting
2023-03-02 15:36:21	stage_ToRGB: waiting
2023-03-02 15:36:21	stage_Anonimizacion: WORKING
2023-03-02 15:36:21	stage_DetectorPulmon: waiting
2023-03-02 15:36:21	stage_Anonimizacion: has 1 sources
2023-03-02 15:36:21	Anonimizacionpattern: waiting
2023-03-02 15:36:21	Anonimizacionpattern: running
2023-03-02 15:36:21	Anonimizacionpattern: executing load balancer
docker-compose --log-level ERROR -p /home/domizzi/Documents/Muyal-Ilal-ligero/deployer/app//results/TestPuzzle -f /home/domizzi/Documents/Muyal-Ilal-ligero/deployer/app//results/TestPuzzle/docker-compose.yml  exec -T lbAnonimizacionpattern  sh -c "./main 2 DL /home/domizzi/Documents/Muyal-Ilal-ligero/deployer/app//results//TestPuzzle/catalogs/TESTCATALOG "
docker-compose --log-level ERROR -p /home/domizzi/Documents/Muyal-Ilal-ligero/deployer/app//results/TestPuzzle -f /home/domizzi/Documents/Muyal-Ilal-ligero/deployer/app//results/TestPuzzle/docker-compose.yml  exec -T lbAnonimizacionpattern  sh -c "./main 2 DL /home/domizzi/Documents/Muyal-Ilal-ligero/deployer/app//results//TestPuzzle/catalogs/TESTCATALOG "
{"result": [[],["/home/domizzi/Documents/Muyal-Ilal-ligero/deployer/app//results//TestPuzzle/catalogs/TESTCATALOG/P1"]]}
2023-03-02 15:36:22	Anonimizacionpattern: load balancer executed in RT = 583 miliseconds
2023-03-02 15:36:22	Anonimizacion: waiting
2023-03-02 15:36:22	Anonimizacion: running
2023-03-02 15:36:22	Anonimizacion: waiting
2023-03-02 15:36:22	Anonimizacion: running
2023-03-02 15:36:22	Anonimizacion: processed 0 bytes in ST=0.000000 RT = 0 miliseconds
python3 /code/process_dir.py --input /home/domizzi/Documents/Muyal-Ilal-ligero/deployer/app//results//TestPuzzle/catalogs/TESTCATALOG/P1 --outfolder "/home/domizzi/Documents/Muyal-Ilal-ligero/deployer/app//results/TestPuzzle/stage_Anonimizacion/Anonimizacionpattern/Anonimizacion/" --save dicom
docker-compose --log-level ERROR -p /home/domizzi/Documents/Muyal-Ilal-ligero/deployer/app//results/TestPuzzle -f /home/domizzi/Documents/Muyal-Ilal-ligero/deployer/app//results/TestPuzzle/docker-compose.yml  exec -T Anonimizacion sh -c "python3 /code/process_dir.py --input /home/domizzi/Documents/Muyal-Ilal-ligero/deployer/app//results//TestPuzzle/catalogs/TESTCATALOG/P1 --outfolder "/home/domizzi/Documents/Muyal-Ilal-ligero/deployer/app//results/TestPuzzle/stage_Anonimizacion/Anonimizacionpattern/Anonimizacion/" --save dicom"
WARNING No specification, loading default base deid.dicom
2023-03-02 15:36:23	Anonimizacion: processed 4096 bytes in ST=0.000000 RT = 1288 miliseconds
2023-03-02 15:36:23	Anonimizacionpattern: pattern executed in ST = 1872 miliseconds
{ "catalogname": " TESTCATALOG/TestPuzzle-1677771381608/stage_Anonimizacion-1677771383507 ", "dispersemode": "IDA", "encryption":"true", "fathers_token":"4f1000deee7346dc11744701486644f1551114879ff21e415fc80725c19bfa90", "processed": "true" }
10.81.234.2:20500//pub_sub/v1/catalogs/create?access_token=417f957ccc4b7995a461f4d77b25040d235d59014671903d31ebdeb36596629e
java -jar Upload.jar c437918c940bc7a5f2c0ac92e5068800279f3ca9db6ef52957310bff45664e96 d56aaad47aab4b3672bf3b6737f139dcf3dadda8 4c9dbc6bb2c0c7992b6a1752f450ceee70fb860d2605965045f9fcbc47c262f3 IDA bob 2 '/home/domizzi/Documents/Muyal-Ilal-ligero/deployer/app//results/TestPuzzle/stage_Anonimizacion' cinves true 417f957ccc4b7995a461f4d77b25040d235d59014671903d31ebdeb36596629e true true 4
java -jar Upload.jar c437918c940bc7a5f2c0ac92e5068800279f3ca9db6ef52957310bff45664e96 d56aaad47aab4b3672bf3b6737f139dcf3dadda8 4c9dbc6bb2c0c7992b6a1752f450ceee70fb860d2605965045f9fcbc47c262f3 IDA bob 2 '/home/domizzi/Documents/Muyal-Ilal-ligero/deployer/app//results/TestPuzzle/stage_Anonimizacion' cinves true 417f957ccc4b7995a461f4d77b25040d235d59014671903d31ebdeb36596629e true true 4
2023-03-02 15:36:23	stage_Anonimizacion: data satage upload in ST = 386 miliseconds
2023-03-02 15:36:23	stage_Anonimizacion: stage executed in ST = 2258 miliseconds
2023-03-02 15:36:23	stage_ToRGB: WORKING
2023-03-02 15:36:23	stage_ToRGB: has 1 sources
2023-03-02 15:36:23	ToRGBpattern: waiting
2023-03-02 15:36:23	ToRGBpattern: running
2023-03-02 15:36:23	ToRGBpattern: executing load balancer
docker-compose --log-level ERROR -p /home/domizzi/Documents/Muyal-Ilal-ligero/deployer/app//results/TestPuzzle -f /home/domizzi/Documents/Muyal-Ilal-ligero/deployer/app//results/TestPuzzle/docker-compose.yml  exec -T lbToRGBpattern  sh -c "./main 2 DL /home/domizzi/Documents/Muyal-Ilal-ligero/deployer/app//results/TestPuzzle//stage_Anonimizacion/Anonimizacionpattern/Anonimizacion "
docker-compose --log-level ERROR -p /home/domizzi/Documents/Muyal-Ilal-ligero/deployer/app//results/TestPuzzle -f /home/domizzi/Documents/Muyal-Ilal-ligero/deployer/app//results/TestPuzzle/docker-compose.yml  exec -T lbToRGBpattern  sh -c "./main 2 DL /home/domizzi/Documents/Muyal-Ilal-ligero/deployer/app//results/TestPuzzle//stage_Anonimizacion/Anonimizacionpattern/Anonimizacion "
{"result": [["/home/domizzi/Documents/Muyal-Ilal-ligero/deployer/app//results/TestPuzzle//stage_Anonimizacion/Anonimizacionpattern/Anonimizacion/P1"],[]]}
2023-03-02 15:36:24	ToRGBpattern: load balancer executed in RT = 689 miliseconds
2023-03-02 15:36:24	ToRGB: waiting
2023-03-02 15:36:24	ToRGB: running
2023-03-02 15:36:24	ToRGB: waiting
2023-03-02 15:36:24	ToRGB: processed 0 bytes in ST=0.000000 RT = 0 miliseconds
2023-03-02 15:36:24	ToRGB: running
python3 /code/dicom2rgb.py /home/domizzi/Documents/Muyal-Ilal-ligero/deployer/app//results/TestPuzzle//stage_Anonimizacion/Anonimizacionpattern/Anonimizacion/P1 /home/domizzi/Documents/Muyal-Ilal-ligero/deployer/app//results/TestPuzzle/stage_ToRGB/ToRGBpattern/ToRGB//P1
docker-compose --log-level ERROR -p /home/domizzi/Documents/Muyal-Ilal-ligero/deployer/app//results/TestPuzzle -f /home/domizzi/Documents/Muyal-Ilal-ligero/deployer/app//results/TestPuzzle/docker-compose.yml  exec -T ToRGB sh -c "python3 /code/dicom2rgb.py /home/domizzi/Documents/Muyal-Ilal-ligero/deployer/app//results/TestPuzzle//stage_Anonimizacion/Anonimizacionpattern/Anonimizacion/P1 /home/domizzi/Documents/Muyal-Ilal-ligero/deployer/app//results/TestPuzzle/stage_ToRGB/ToRGBpattern/ToRGB//P1"
2023-03-02 15:36:27	ToRGB: processed 4096 bytes in ST=0.000000 RT = 3136 miliseconds
2023-03-02 15:36:27	ToRGBpattern: pattern executed in ST = 3825 miliseconds
{ "catalogname": " TESTCATALOG/TestPuzzle-1677771381608/stage_ToRGB-1677771387719 ", "dispersemode": "IDA", "encryption":"true", "fathers_token":"4f1000deee7346dc11744701486644f1551114879ff21e415fc80725c19bfa90", "processed": "true" }
10.81.234.2:20500//pub_sub/v1/catalogs/create?access_token=417f957ccc4b7995a461f4d77b25040d235d59014671903d31ebdeb36596629e
java -jar Upload.jar c437918c940bc7a5f2c0ac92e5068800279f3ca9db6ef52957310bff45664e96 d56aaad47aab4b3672bf3b6737f139dcf3dadda8 fe7aa8de37f39687ac3ac2eef8aac2f202af6abdf996f330466a4b4507146be8 IDA bob 2 '/home/domizzi/Documents/Muyal-Ilal-ligero/deployer/app//results/TestPuzzle/stage_ToRGB' cinves true 417f957ccc4b7995a461f4d77b25040d235d59014671903d31ebdeb36596629e true true 4
java -jar Upload.jar c437918c940bc7a5f2c0ac92e5068800279f3ca9db6ef52957310bff45664e96 d56aaad47aab4b3672bf3b6737f139dcf3dadda8 fe7aa8de37f39687ac3ac2eef8aac2f202af6abdf996f330466a4b4507146be8 IDA bob 2 '/home/domizzi/Documents/Muyal-Ilal-ligero/deployer/app//results/TestPuzzle/stage_ToRGB' cinves true 417f957ccc4b7995a461f4d77b25040d235d59014671903d31ebdeb36596629e true true 4
java.lang.IndexOutOfBoundsException: Index 0 out of bounds for length 0
	at java.base/jdk.internal.util.Preconditions.outOfBounds(Preconditions.java:64)
	at java.base/jdk.internal.util.Preconditions.outOfBoundsCheckIndex(Preconditions.java:70)
	at java.base/jdk.internal.util.Preconditions.checkIndex(Preconditions.java:248)
	at java.base/java.util.Objects.checkIndex(Objects.java:372)
	at java.base/java.util.ArrayList.get(ArrayList.java:459)
	at Communication.Communication.delivery(Communication.java:530)
	at mx.cinvestav.tamps.integracion.gui.RobotUploaderWorker.run(RobotUploaderWorker.java:104)
	at mx.cinvestav.tamps.integracion.gui.Work.run(RobotUploaderHelper.java:109)
	at java.base/java.lang.Thread.run(Thread.java:829)
java.lang.IndexOutOfBoundsException: Index 0 out of bounds for length 0
	at java.base/jdk.internal.util.Preconditions.outOfBounds(Preconditions.java:64)
	at java.base/jdk.internal.util.Preconditions.outOfBoundsCheckIndex(Preconditions.java:70)
	at java.base/jdk.internal.util.Preconditions.checkIndex(Preconditions.java:248)
	at java.base/java.util.Objects.checkIndex(Objects.java:372)
	at java.base/java.util.ArrayList.get(ArrayList.java:459)
	at Communication.Communication.delivery(Communication.java:530)
	at mx.cinvestav.tamps.integracion.gui.RobotUploaderWorker.run(RobotUploaderWorker.java:104)
	at mx.cinvestav.tamps.integracion.gui.Work.run(RobotUploaderHelper.java:109)
	at java.base/java.lang.Thread.run(Thread.java:829)
java.lang.IndexOutOfBoundsException: Index 0 out of bounds for length 0
	at java.base/jdk.internal.util.Preconditions.outOfBounds(Preconditions.java:64)
	at java.base/jdk.internal.util.Preconditions.outOfBoundsCheckIndex(Preconditions.java:70)
	at java.base/jdk.internal.util.Preconditions.checkIndex(Preconditions.java:248)
	at java.base/java.util.Objects.checkIndex(Objects.java:372)
	at java.base/java.util.ArrayList.get(ArrayList.java:459)
	at Communication.Communication.delivery(Communication.java:530)
	at mx.cinvestav.tamps.integracion.gui.RobotUploaderWorker.run(RobotUploaderWorker.java:104)
	at mx.cinvestav.tamps.integracion.gui.Work.run(RobotUploaderHelper.java:109)
	at java.base/java.lang.Thread.run(Thread.java:829)
java.lang.IndexOutOfBoundsException: Index 0 out of bounds for length 0
	at java.base/jdk.internal.util.Preconditions.outOfBounds(Preconditions.java:64)
	at java.base/jdk.internal.util.Preconditions.outOfBoundsCheckIndex(Preconditions.java:70)
	at java.base/jdk.internal.util.Preconditions.checkIndex(Preconditions.java:248)
	at java.base/java.util.Objects.checkIndex(Objects.java:372)
	at java.base/java.util.ArrayList.get(ArrayList.java:459)
	at Communication.Communication.delivery(Communication.java:530)
	at mx.cinvestav.tamps.integracion.gui.RobotUploaderWorker.run(RobotUploaderWorker.java:104)
	at mx.cinvestav.tamps.integracion.gui.Work.run(RobotUploaderHelper.java:109)
	at java.base/java.lang.Thread.run(Thread.java:829)
java.lang.IndexOutOfBoundsException: Index 0 out of bounds for length 0
	at java.base/jdk.internal.util.Preconditions.outOfBounds(Preconditions.java:64)
	at java.base/jdk.internal.util.Preconditions.outOfBoundsCheckIndex(Preconditions.java:70)
	at java.base/jdk.internal.util.Preconditions.checkIndex(Preconditions.java:248)
	at java.base/java.util.Objects.checkIndex(Objects.java:372)
	at java.base/java.util.ArrayList.get(ArrayList.java:459)
	at Communication.Communication.delivery(Communication.java:530)
	at mx.cinvestav.tamps.integracion.gui.RobotUploaderWorker.run(RobotUploaderWorker.java:104)
	at mx.cinvestav.tamps.integracion.gui.Work.run(RobotUploaderHelper.java:109)
	at java.base/java.lang.Thread.run(Thread.java:829)
java.lang.IndexOutOfBoundsException: Index 0 out of bounds for length 0
	at java.base/jdk.internal.util.Preconditions.outOfBounds(Preconditions.java:64)
	at java.base/jdk.internal.util.Preconditions.outOfBoundsCheckIndex(Preconditions.java:70)
	at java.base/jdk.internal.util.Preconditions.checkIndex(Preconditions.java:248)
	at java.base/java.util.Objects.checkIndex(Objects.java:372)
	at java.base/java.util.ArrayList.get(ArrayList.java:459)
	at Communication.Communication.delivery(Communication.java:530)
	at mx.cinvestav.tamps.integracion.gui.RobotUploaderWorker.run(RobotUploaderWorker.java:104)
	at mx.cinvestav.tamps.integracion.gui.Work.run(RobotUploaderHelper.java:109)
	at java.base/java.lang.Thread.run(Thread.java:829)
java.lang.IndexOutOfBoundsException: Index 0 out of bounds for length 0
	at java.base/jdk.internal.util.Preconditions.outOfBounds(Preconditions.java:64)
	at java.base/jdk.internal.util.Preconditions.outOfBoundsCheckIndex(Preconditions.java:70)
	at java.base/jdk.internal.util.Preconditions.checkIndex(Preconditions.java:248)
	at java.base/java.util.Objects.checkIndex(Objects.java:372)
	at java.base/java.util.ArrayList.get(ArrayList.java:459)
	at Communication.Communication.delivery(Communication.java:530)
	at mx.cinvestav.tamps.integracion.gui.RobotUploaderWorker.run(RobotUploaderWorker.java:104)
	at mx.cinvestav.tamps.integracion.gui.Work.run(RobotUploaderHelper.java:109)
	at java.base/java.lang.Thread.run(Thread.java:829)
java.lang.IndexOutOfBoundsException: Index 0 out of bounds for length 0
	at java.base/jdk.internal.util.Preconditions.outOfBounds(Preconditions.java:64)
	at java.base/jdk.internal.util.Preconditions.outOfBoundsCheckIndex(Preconditions.java:70)
	at java.base/jdk.internal.util.Preconditions.checkIndex(Preconditions.java:248)
	at java.base/java.util.Objects.checkIndex(Objects.java:372)
	at java.base/java.util.ArrayList.get(ArrayList.java:459)
	at Communication.Communication.delivery(Communication.java:530)
	at mx.cinvestav.tamps.integracion.gui.RobotUploaderWorker.run(RobotUploaderWorker.java:104)
	at mx.cinvestav.tamps.integracion.gui.Work.run(RobotUploaderHelper.java:109)
	at java.base/java.lang.Thread.run(Thread.java:829)
java.lang.IndexOutOfBoundsException: Index 0 out of bounds for length 0
	at java.base/jdk.internal.util.Preconditions.outOfBounds(Preconditions.java:64)
	at java.base/jdk.internal.util.Preconditions.outOfBoundsCheckIndex(Preconditions.java:70)
	at java.base/jdk.internal.util.Preconditions.checkIndex(Preconditions.java:248)
	at java.base/java.util.Objects.checkIndex(Objects.java:372)
	at java.base/java.util.ArrayList.get(ArrayList.java:459)
	at Communication.Communication.delivery(Communication.java:530)
	at mx.cinvestav.tamps.integracion.gui.RobotUploaderWorker.run(RobotUploaderWorker.java:104)
	at mx.cinvestav.tamps.integracion.gui.Work.run(RobotUploaderHelper.java:109)
	at java.base/java.lang.Thread.run(Thread.java:829)
java.lang.IndexOutOfBoundsException: Index 0 out of bounds for length 0
	at java.base/jdk.internal.util.Preconditions.outOfBounds(Preconditions.java:64)
	at java.base/jdk.internal.util.Preconditions.outOfBoundsCheckIndex(Preconditions.java:70)
	at java.base/jdk.internal.util.Preconditions.checkIndex(Preconditions.java:248)
	at java.base/java.util.Objects.checkIndex(Objects.java:372)
	at java.base/java.util.ArrayList.get(ArrayList.java:459)
	at Communication.Communication.delivery(Communication.java:530)
	at mx.cinvestav.tamps.integracion.gui.RobotUploaderWorker.run(RobotUploaderWorker.java:104)
	at mx.cinvestav.tamps.integracion.gui.Work.run(RobotUploaderHelper.java:109)
	at java.base/java.lang.Thread.run(Thread.java:829)
java.lang.IndexOutOfBoundsException: Index 0 out of bounds for length 0
	at java.base/jdk.internal.util.Preconditions.outOfBounds(Preconditions.java:64)
	at java.base/jdk.internal.util.Preconditions.outOfBoundsCheckIndex(Preconditions.java:70)
	at java.base/jdk.internal.util.Preconditions.checkIndex(Preconditions.java:248)
	at java.base/java.util.Objects.checkIndex(Objects.java:372)
	at java.base/java.util.ArrayList.get(ArrayList.java:459)
	at Communication.Communication.delivery(Communication.java:530)
	at mx.cinvestav.tamps.integracion.gui.RobotUploaderWorker.run(RobotUploaderWorker.java:104)
	at mx.cinvestav.tamps.integracion.gui.Work.run(RobotUploaderHelper.java:109)
	at java.base/java.lang.Thread.run(Thread.java:829)
java.lang.IndexOutOfBoundsException: Index 0 out of bounds for length 0
	at java.base/jdk.internal.util.Preconditions.outOfBounds(Preconditions.java:64)
	at java.base/jdk.internal.util.Preconditions.outOfBoundsCheckIndex(Preconditions.java:70)
	at java.base/jdk.internal.util.Preconditions.checkIndex(Preconditions.java:248)
	at java.base/java.util.Objects.checkIndex(Objects.java:372)
	at java.base/java.util.ArrayList.get(ArrayList.java:459)
	at Communication.Communication.delivery(Communication.java:530)
	at mx.cinvestav.tamps.integracion.gui.RobotUploaderWorker.run(RobotUploaderWorker.java:104)
	at mx.cinvestav.tamps.integracion.gui.Work.run(RobotUploaderHelper.java:109)
	at java.base/java.lang.Thread.run(Thread.java:829)
java.lang.IndexOutOfBoundsException: Index 0 out of bounds for length 0
	at java.base/jdk.internal.util.Preconditions.outOfBounds(Preconditions.java:64)
	at java.base/jdk.internal.util.Preconditions.outOfBoundsCheckIndex(Preconditions.java:70)
	at java.base/jdk.internal.util.Preconditions.checkIndex(Preconditions.java:248)
	at java.base/java.util.Objects.checkIndex(Objects.java:372)
	at java.base/java.util.ArrayList.get(ArrayList.java:459)
	at Communication.Communication.delivery(Communication.java:530)
	at mx.cinvestav.tamps.integracion.gui.RobotUploaderWorker.run(RobotUploaderWorker.java:104)
	at mx.cinvestav.tamps.integracion.gui.Work.run(RobotUploaderHelper.java:109)
	at java.base/java.lang.Thread.run(Thread.java:829)
java.lang.IndexOutOfBoundsException: Index 0 out of bounds for length 0
	at java.base/jdk.internal.util.Preconditions.outOfBounds(Preconditions.java:64)
	at java.base/jdk.internal.util.Preconditions.outOfBoundsCheckIndex(Preconditions.java:70)
	at java.base/jdk.internal.util.Preconditions.checkIndex(Preconditions.java:248)
	at java.base/java.util.Objects.checkIndex(Objects.java:372)
	at java.base/java.util.ArrayList.get(ArrayList.java:459)
	at Communication.Communication.delivery(Communication.java:530)
	at mx.cinvestav.tamps.integracion.gui.RobotUploaderWorker.run(RobotUploaderWorker.java:104)
	at mx.cinvestav.tamps.integracion.gui.Work.run(RobotUploaderHelper.java:109)
	at java.base/java.lang.Thread.run(Thread.java:829)
java.lang.IndexOutOfBoundsException: Index 0 out of bounds for length 0
	at java.base/jdk.internal.util.Preconditions.outOfBounds(Preconditions.java:64)
	at java.base/jdk.internal.util.Preconditions.outOfBoundsCheckIndex(Preconditions.java:70)
	at java.base/jdk.internal.util.Preconditions.checkIndex(Preconditions.java:248)
	at java.base/java.util.Objects.checkIndex(Objects.java:372)
	at java.base/java.util.ArrayList.get(ArrayList.java:459)
	at Communication.Communication.delivery(Communication.java:530)
	at mx.cinvestav.tamps.integracion.gui.RobotUploaderWorker.run(RobotUploaderWorker.java:104)
	at mx.cinvestav.tamps.integracion.gui.Work.run(RobotUploaderHelper.java:109)
	at java.base/java.lang.Thread.run(Thread.java:829)
java.lang.IndexOutOfBoundsException: Index 0 out of bounds for length 0
	at java.base/jdk.internal.util.Preconditions.outOfBounds(Preconditions.java:64)
	at java.base/jdk.internal.util.Preconditions.outOfBoundsCheckIndex(Preconditions.java:70)
	at java.base/jdk.internal.util.Preconditions.checkIndex(Preconditions.java:248)
	at java.base/java.util.Objects.checkIndex(Objects.java:372)
	at java.base/java.util.ArrayList.get(ArrayList.java:459)
	at Communication.Communication.delivery(Communication.java:530)
	at mx.cinvestav.tamps.integracion.gui.RobotUploaderWorker.run(RobotUploaderWorker.java:104)
	at mx.cinvestav.tamps.integracion.gui.Work.run(RobotUploaderHelper.java:109)
	at java.base/java.lang.Thread.run(Thread.java:829)
java.lang.IndexOutOfBoundsException: Index 0 out of bounds for length 0
	at java.base/jdk.internal.util.Preconditions.outOfBounds(Preconditions.java:64)
	at java.base/jdk.internal.util.Preconditions.outOfBoundsCheckIndex(Preconditions.java:70)
	at java.base/jdk.internal.util.Preconditions.checkIndex(Preconditions.java:248)
	at java.base/java.util.Objects.checkIndex(Objects.java:372)
	at java.base/java.util.ArrayList.get(ArrayList.java:459)
	at Communication.Communication.delivery(Communication.java:530)
	at mx.cinvestav.tamps.integracion.gui.RobotUploaderWorker.run(RobotUploaderWorker.java:104)
	at mx.cinvestav.tamps.integracion.gui.Work.run(RobotUploaderHelper.java:109)
	at java.base/java.lang.Thread.run(Thread.java:829)
java.lang.IndexOutOfBoundsException: Index 0 out of bounds for length 0
	at java.base/jdk.internal.util.Preconditions.outOfBounds(Preconditions.java:64)
	at java.base/jdk.internal.util.Preconditions.outOfBoundsCheckIndex(Preconditions.java:70)
	at java.base/jdk.internal.util.Preconditions.checkIndex(Preconditions.java:248)
	at java.base/java.util.Objects.checkIndex(Objects.java:372)
	at java.base/java.util.ArrayList.get(ArrayList.java:459)
	at Communication.Communication.delivery(Communication.java:530)
	at mx.cinvestav.tamps.integracion.gui.RobotUploaderWorker.run(RobotUploaderWorker.java:104)
	at mx.cinvestav.tamps.integracion.gui.Work.run(RobotUploaderHelper.java:109)
	at java.base/java.lang.Thread.run(Thread.java:829)
java.lang.IndexOutOfBoundsException: Index 0 out of bounds for length 0
	at java.base/jdk.internal.util.Preconditions.outOfBounds(Preconditions.java:64)
	at java.base/jdk.internal.util.Preconditions.outOfBoundsCheckIndex(Preconditions.java:70)
	at java.base/jdk.internal.util.Preconditions.checkIndex(Preconditions.java:248)
	at java.base/java.util.Objects.checkIndex(Objects.java:372)
	at java.base/java.util.ArrayList.get(ArrayList.java:459)
	at Communication.Communication.delivery(Communication.java:530)
	at mx.cinvestav.tamps.integracion.gui.RobotUploaderWorker.run(RobotUploaderWorker.java:104)
	at mx.cinvestav.tamps.integracion.gui.Work.run(RobotUploaderHelper.java:109)
	at java.base/java.lang.Thread.run(Thread.java:829)
java.lang.IndexOutOfBoundsException: Index 0 out of bounds for length 0
	at java.base/jdk.internal.util.Preconditions.outOfBounds(Preconditions.java:64)
	at java.base/jdk.internal.util.Preconditions.outOfBoundsCheckIndex(Preconditions.java:70)
	at java.base/jdk.internal.util.Preconditions.checkIndex(Preconditions.java:248)
	at java.base/java.util.Objects.checkIndex(Objects.java:372)
	at java.base/java.util.ArrayList.get(ArrayList.java:459)
	at Communication.Communication.delivery(Communication.java:530)
	at mx.cinvestav.tamps.integracion.gui.RobotUploaderWorker.run(RobotUploaderWorker.java:104)
	at mx.cinvestav.tamps.integracion.gui.Work.run(RobotUploaderHelper.java:109)
	at java.base/java.lang.Thread.run(Thread.java:829)
java.lang.IndexOutOfBoundsException: Index 0 out of bounds for length 0
	at java.base/jdk.internal.util.Preconditions.outOfBounds(Preconditions.java:64)
	at java.base/jdk.internal.util.Preconditions.outOfBoundsCheckIndex(Preconditions.java:70)
	at java.base/jdk.internal.util.Preconditions.checkIndex(Preconditions.java:248)
	at java.base/java.util.Objects.checkIndex(Objects.java:372)
	at java.base/java.util.ArrayList.get(ArrayList.java:459)
	at Communication.Communication.delivery(Communication.java:530)
	at mx.cinvestav.tamps.integracion.gui.RobotUploaderWorker.run(RobotUploaderWorker.java:104)
	at mx.cinvestav.tamps.integracion.gui.Work.run(RobotUploaderHelper.java:109)
	at java.base/java.lang.Thread.run(Thread.java:829)
java.lang.IndexOutOfBoundsException: Index 0 out of bounds for length 0
	at java.base/jdk.internal.util.Preconditions.outOfBounds(Preconditions.java:64)
	at java.base/jdk.internal.util.Preconditions.outOfBoundsCheckIndex(Preconditions.java:70)
	at java.base/jdk.internal.util.Preconditions.checkIndex(Preconditions.java:248)
	at java.base/java.util.Objects.checkIndex(Objects.java:372)
	at java.base/java.util.ArrayList.get(ArrayList.java:459)
	at Communication.Communication.delivery(Communication.java:530)
	at mx.cinvestav.tamps.integracion.gui.RobotUploaderWorker.run(RobotUploaderWorker.java:104)
	at mx.cinvestav.tamps.integracion.gui.Work.run(RobotUploaderHelper.java:109)
	at java.base/java.lang.Thread.run(Thread.java:829)
2023-03-02 15:36:30	stage_ToRGB: data satage upload in ST = 2394 miliseconds
2023-03-02 15:36:30	stage_DetectorPulmon: WORKING
2023-03-02 15:36:30	stage_ToRGB: stage executed in ST = 6220 miliseconds
2023-03-02 15:36:30	stage_DetectorPulmon: has 1 sources
2023-03-02 15:36:30	DetectorPulmonpattern: waiting
2023-03-02 15:36:30	DetectorPulmonpattern: running
2023-03-02 15:36:30	DetectorPulmonpattern: executing load balancer
docker-compose --log-level ERROR -p /home/domizzi/Documents/Muyal-Ilal-ligero/deployer/app//results/TestPuzzle -f /home/domizzi/Documents/Muyal-Ilal-ligero/deployer/app//results/TestPuzzle/docker-compose.yml  exec -T lbDetectorPulmonpattern  sh -c "./main 2 DL /home/domizzi/Documents/Muyal-Ilal-ligero/deployer/app//results/TestPuzzle//stage_ToRGB/ToRGBpattern/ToRGB "
docker-compose --log-level ERROR -p /home/domizzi/Documents/Muyal-Ilal-ligero/deployer/app//results/TestPuzzle -f /home/domizzi/Documents/Muyal-Ilal-ligero/deployer/app//results/TestPuzzle/docker-compose.yml  exec -T lbDetectorPulmonpattern  sh -c "./main 2 DL /home/domizzi/Documents/Muyal-Ilal-ligero/deployer/app//results/TestPuzzle//stage_ToRGB/ToRGBpattern/ToRGB "
{"result": [["/home/domizzi/Documents/Muyal-Ilal-ligero/deployer/app//results/TestPuzzle//stage_ToRGB/ToRGBpattern/ToRGB/P1"],[]]}
2023-03-02 15:36:30	DetectorPulmonpattern: load balancer executed in RT = 550 miliseconds
2023-03-02 15:36:30	DetectorPulmon: waiting
2023-03-02 15:36:30	DetectorPulmon: waiting
2023-03-02 15:36:30	DetectorPulmon: running
2023-03-02 15:36:30	DetectorPulmon: running
2023-03-02 15:36:30	DetectorPulmon: processed 0 bytes in ST=0.000000 RT = 0 miliseconds
python3 /code/detectorPulmones.py /home/domizzi/Documents/Muyal-Ilal-ligero/deployer/app//results/TestPuzzle//stage_ToRGB/ToRGBpattern/ToRGB/P1 /home/domizzi/Documents/Muyal-Ilal-ligero/deployer/app//results/TestPuzzle/stage_DetectorPulmon/DetectorPulmonpattern/DetectorPulmon//P1
docker-compose --log-level ERROR -p /home/domizzi/Documents/Muyal-Ilal-ligero/deployer/app//results/TestPuzzle -f /home/domizzi/Documents/Muyal-Ilal-ligero/deployer/app//results/TestPuzzle/docker-compose.yml  exec -T DetectorPulmon sh -c "python3 /code/detectorPulmones.py /home/domizzi/Documents/Muyal-Ilal-ligero/deployer/app//results/TestPuzzle//stage_ToRGB/ToRGBpattern/ToRGB/P1 /home/domizzi/Documents/Muyal-Ilal-ligero/deployer/app//results/TestPuzzle/stage_DetectorPulmon/DetectorPulmonpattern/DetectorPulmon//P1"
2023-03-02 15:36:31.431309: W tensorflow/stream_executor/platform/default/dso_loader.cc:64] Could not load dynamic library 'libcudart.so.11.0'; dlerror: libcudart.so.11.0: cannot open shared object file: No such file or directory
2023-03-02 15:36:31.431341: I tensorflow/stream_executor/cuda/cudart_stub.cc:29] Ignore above cudart dlerror if you do not have a GPU set up on your machine.
2023-03-02 15:36:32.503440: I tensorflow/core/platform/cpu_feature_guard.cc:142] This TensorFlow binary is optimized with oneAPI Deep Neural Network Library (oneDNN) to use the following CPU instructions in performance-critical operations:  AVX2 FMA
To enable them in other operations, rebuild TensorFlow with the appropriate compiler flags.
2023-03-02 15:36:32.504347: W tensorflow/stream_executor/platform/default/dso_loader.cc:64] Could not load dynamic library 'libcuda.so.1'; dlerror: libcuda.so.1: cannot open shared object file: No such file or directory
2023-03-02 15:36:32.504373: W tensorflow/stream_executor/cuda/cuda_driver.cc:326] failed call to cuInit: UNKNOWN ERROR (303)
2023-03-02 15:36:32.504394: I tensorflow/stream_executor/cuda/cuda_diagnostics.cc:163] no NVIDIA GPU device is present: /dev/nvidia0 does not exist
2023-03-02 15:36:34.585104: W tensorflow/core/framework/cpu_allocator_impl.cc:80] Allocation of 963379200 exceeds 10% of free system memory.
2023-03-02 15:36:34.656389: W tensorflow/core/framework/cpu_allocator_impl.cc:80] Allocation of 963379200 exceeds 10% of free system memory.
WARNING:tensorflow:From /code/models/research/object_detection/utils/model_util.py:57: Tensor.experimental_ref (from tensorflow.python.framework.ops) is deprecated and will be removed in a future version.
Instructions for updating:
Use ref() instead.
2023-03-02 15:36:36.134359: W tensorflow/core/framework/cpu_allocator_impl.cc:80] Allocation of 963379200 exceeds 10% of free system memory.
2023-03-02 15:36:36.209166: W tensorflow/core/framework/cpu_allocator_impl.cc:80] Allocation of 963379200 exceeds 10% of free system memory.
2023-03-02 15:36:37.620950: W tensorflow/core/framework/cpu_allocator_impl.cc:80] Allocation of 963379200 exceeds 10% of free system memory.
/code/detectorPulmones.py:240: RuntimeWarning: More than 20 figures have been opened. Figures created through the pyplot interface (`matplotlib.pyplot.figure`) are retained until explicitly closed and may consume too much memory. (To control this warning, see the rcParam `figure.max_open_warning`).
  plt.figure(figsize=(15,10))
2023-03-02 15:37:07	DetectorPulmon: processed 4096 bytes in ST=0.000000 RT = 37193 miliseconds
2023-03-02 15:37:07	DetectorPulmonpattern: pattern executed in ST = 37743 miliseconds
{ "catalogname": " TESTCATALOG/TestPuzzle-1677771381608/stage_DetectorPulmon-1677771427858 ", "dispersemode": "IDA", "encryption":"true", "fathers_token":"4f1000deee7346dc11744701486644f1551114879ff21e415fc80725c19bfa90", "processed": "true" }
10.81.234.2:20500//pub_sub/v1/catalogs/create?access_token=417f957ccc4b7995a461f4d77b25040d235d59014671903d31ebdeb36596629e
java -jar Upload.jar c437918c940bc7a5f2c0ac92e5068800279f3ca9db6ef52957310bff45664e96 d56aaad47aab4b3672bf3b6737f139dcf3dadda8 4915e42aeedae8a1a3e7e3805ace3960d0622caddedc9ba4ecd364619878c9b2 IDA bob 2 '/home/domizzi/Documents/Muyal-Ilal-ligero/deployer/app//results/TestPuzzle/stage_DetectorPulmon' cinves true 417f957ccc4b7995a461f4d77b25040d235d59014671903d31ebdeb36596629e true true 4
java -jar Upload.jar c437918c940bc7a5f2c0ac92e5068800279f3ca9db6ef52957310bff45664e96 d56aaad47aab4b3672bf3b6737f139dcf3dadda8 4915e42aeedae8a1a3e7e3805ace3960d0622caddedc9ba4ecd364619878c9b2 IDA bob 2 '/home/domizzi/Documents/Muyal-Ilal-ligero/deployer/app//results/TestPuzzle/stage_DetectorPulmon' cinves true 417f957ccc4b7995a461f4d77b25040d235d59014671903d31ebdeb36596629e true true 4
2023-03-02 15:37:08	stage_DetectorPulmon: data satage upload in ST = 344 miliseconds
2023-03-02 15:37:08	stage_DetectorPulmon: stage executed in ST = 38088 miliseconds
